<?xml version="1.0" encoding="UTF-8"?>
<!-- Generated by org.testng.reporters.JUnitXMLReporter -->
<testsuite ignored="0" hostname="DESKTOP-UTMBFEU" failures="0" tests="3" name="Default test" time="4.432" errors="0" timestamp="2024-04-24T00:04:21 IST">
  <testcase classname="day2.WaysToCreatePostRequestBody" name="testPostUsingHashMap" time="3.961"/>
  <testcase classname="day2.WaysToCreatePostRequestBody" name="testPostUsingJsonLibrary" time="0.216"/>
  <testcase classname="day2.WaysToCreatePostRequestBody" name="testUsingPojoClass" time="0.171"/>
</testsuite> <!-- Default test -->
