<?xml version="1.0" encoding="UTF-8"?>
<testng-results ignored="0" total="3" passed="3" failed="0" skipped="0">
  <reporter-output>
  </reporter-output>
  <suite started-at="2024-04-24T00:04:17 IST" name="Default suite" finished-at="2024-04-24T00:04:21 IST" duration-ms="4432">
    <groups>
    </groups>
    <test started-at="2024-04-24T00:04:17 IST" name="Default test" finished-at="2024-04-24T00:04:21 IST" duration-ms="4432">
      <class name="day2.WaysToCreatePostRequestBody">
        <test-method signature="testPostUsingHashMap()[pri:0, instance:day2.WaysToCreatePostRequestBody@316bcf94]" started-at="2024-04-24T00:04:17 IST" name="testPostUsingHashMap" finished-at="2024-04-24T00:04:21 IST" duration-ms="3961" status="PASS">
          <reporter-output>
          </reporter-output>
        </test-method> <!-- testPostUsingHashMap -->
        <test-method signature="testPostUsingJsonLibrary()[pri:0, instance:day2.WaysToCreatePostRequestBody@316bcf94]" started-at="2024-04-24T00:04:21 IST" name="testPostUsingJsonLibrary" finished-at="2024-04-24T00:04:21 IST" duration-ms="216" status="PASS">
          <reporter-output>
          </reporter-output>
        </test-method> <!-- testPostUsingJsonLibrary -->
        <test-method signature="testUsingPojoClass()[pri:0, instance:day2.WaysToCreatePostRequestBody@316bcf94]" started-at="2024-04-24T00:04:21 IST" name="testUsingPojoClass" finished-at="2024-04-24T00:04:21 IST" duration-ms="171" status="PASS">
          <reporter-output>
          </reporter-output>
        </test-method> <!-- testUsingPojoClass -->
      </class> <!-- day2.WaysToCreatePostRequestBody -->
    </test> <!-- Default test -->
  </suite> <!-- Default suite -->
</testng-results>
